IQ-TREE multicore version 2.2.2.6 COVID-edition for Linux 64-bit built May 27 2023
Developed by Bui Quang Minh, James Barbetti, Nguyen Lam Tung,
Olga Chernomor, Heiko Schmidt, Dominik Schrempf, Michael Woodhams, Ly Trong Nhan.

Host:    cuhk-mic (AVX512, FMA3, 376 GB RAM)
Command: iqtree -redo -m GTR+G5 -pre GTR+G5 -s ../rbcL.nogaps_amb.fas -quiet
Seed:    461948 (Using SPRNG - Scalable Parallel Random Number Generator)
Time:    Wed Oct  4 14:49:29 2023
Kernel:  AVX+FMA - 1 threads (72 CPU cores detected)

HINT: Use -nt option to specify number of threads because your CPU has 72 cores!
HINT: -nt AUTO will automatically determine the best number of threads to use.

Reading alignment file ../rbcL.nogaps_amb.fas ... Fasta format detected
Reading fasta file: done in 0.000211 secs using 100% CPU
Alignment most likely contains DNA/RNA sequences
Constructing alignment: done in 0.00200987 secs using 100% CPU
Alignment has 12 sequences with 1312 columns, 285 distinct patterns
212 parsimony-informative, 144 singleton sites, 956 constant sites
              Gap/Ambiguity  Composition  p-value
Analyzing sequences: done in 1.12057e-05 secs using 98.16% CPU
   1  kiwi_fruit      0.00%    passed     99.99%
   2  agave           0.00%    passed     95.82%
   3  garlic          0.00%    passed     93.04%
   4  cabbage         0.00%    passed     95.13%
   5  cucumber        0.00%    passed     98.14%
   6  cotton          0.00%    passed     98.97%
   7  sunflower       0.00%    passed     99.55%
   8  walnut          0.00%    passed     99.55%
   9  tomato          0.00%    passed     99.64%
  10  tobacco         0.00%    passed     99.79%
  11  rice            0.00%    passed     97.08%
  12  black_pepper    0.00%    passed     71.77%
****  TOTAL           0.00%  0 sequences failed composition chi2 test (p-value<5%; df=3)
Checking for duplicate sequences: done in 4.50611e-05 secs using 99.86% CPU

Create initial parsimony tree by phylogenetic likelihood library (PLL)... 0.000 seconds

NOTE: 0 MB RAM (0 GB) is required!
Estimate model parameters (epsilon = 0.100)
1. Initial log-likelihood: -5521.488
2. Current log-likelihood: -5235.542
3. Current log-likelihood: -5231.012
Optimal log-likelihood: -5230.956
Rate parameters:  A-C: 1.66592  A-G: 4.02768  A-T: 0.62866  C-G: 1.34586  C-T: 5.70482  G-T: 1.00000
Base frequencies:  A: 0.273  C: 0.194  G: 0.243  T: 0.291
Gamma shape alpha: 0.199
Parameters optimization took 3 rounds (0.034 sec)
Wrote distance file to... 
Computing ML distances based on estimated model parameters...
Calculating distance matrix: done in 0.000705004 secs using 100% CPU
Computing ML distances took 0.000738 sec (of wall-clock time) 0.000738 sec (of CPU time)
Setting up auxiliary I and S matrices: done in 0.000100136 secs using 190.7% CPU
Constructing RapidNJ tree: done in 0.000137091 secs using 194.8% CPU
Computing RapidNJ tree took 0.000292 sec (of wall-clock time) 0.000591 sec (of CPU time)
Log-likelihood of RapidNJ tree: -5233.564
--------------------------------------------------------------------
|             INITIALIZING CANDIDATE TREE SET                      |
--------------------------------------------------------------------
Generating 98 parsimony trees... 0.048 second
Computing log-likelihood of 94 initial trees ... 0.059 seconds
Current best score: -5229.088

Do NNI search on 20 best initial trees
Optimizing NNI: done in 0.00205612 secs using 200% CPU
Estimate model parameters (epsilon = 0.100)
BETTER TREE FOUND at iteration 1: -5228.581
Optimizing NNI: done in 0.00396013 secs using 199.9% CPU
Optimizing NNI: done in 0.00353599 secs using 200.1% CPU
Optimizing NNI: done in 0.00774813 secs using 199.9% CPU
Optimizing NNI: done in 0.00583506 secs using 199.9% CPU
Optimizing NNI: done in 0.00588298 secs using 200% CPU
Optimizing NNI: done in 0.00577307 secs using 199.9% CPU
Optimizing NNI: done in 0.00424099 secs using 200% CPU
Optimizing NNI: done in 0.00355506 secs using 200% CPU
Optimizing NNI: done in 0.00575495 secs using 200% CPU
Iteration 10 / LogL: -5228.598 / Time: 0h:0m:0s
Optimizing NNI: done in 0.0040679 secs using 200.2% CPU
Optimizing NNI: done in 0.00430799 secs
Optimizing NNI: done in 0.00645995 secs using 198.6% CPU
Optimizing NNI: done in 0.00572085 secs using 177.2% CPU
Optimizing NNI: done in 0.00736499 secs using 99.91% CPU
Optimizing NNI: done in 0.00665188 secs using 99.99% CPU
Optimizing NNI: done in 0.0044539 secs using 99.96% CPU
Optimizing NNI: done in 0.00616908 secs using 100% CPU
Optimizing NNI: done in 0.00597405 secs using 99.98% CPU
Optimizing NNI: done in 0.00647688 secs using 99.99% CPU
Iteration 20 / LogL: -5228.607 / Time: 0h:0m:0s
Finish initializing candidate tree set (1)
Current best tree score: -5228.581 / CPU time: 0.224
Number of iterations: 20
--------------------------------------------------------------------
|               OPTIMIZING CANDIDATE TREE SET                      |
--------------------------------------------------------------------
Optimizing NNI: done in 0.00624204 secs using 99.97% CPU
Optimizing NNI: done in 0.00671005 secs using 99.98% CPU
Optimizing NNI: done in 0.00692201 secs using 100% CPU
Optimizing NNI: done in 0.00597692 secs using 99.98% CPU
Optimizing NNI: done in 0.00833607 secs using 99.99% CPU
Optimizing NNI: done in 0.00856996 secs using 99.99% CPU
Optimizing NNI: done in 0.01018 secs using 99.99% CPU
Optimizing NNI: done in 0.00829291 secs using 99.99% CPU
Optimizing NNI: done in 0.00885296 secs using 100% CPU
Optimizing NNI: done in 0.00880504 secs using 100% CPU
Iteration 30 / LogL: -5228.603 / Time: 0h:0m:0s (0h:0m:0s left)
Optimizing NNI: done in 0.0106471 secs using 99.99% CPU
Optimizing NNI: done in 0.00917602 secs using 99.99% CPU
Optimizing NNI: done in 0.011246 secs using 99.99% CPU
Optimizing NNI: done in 0.00414085 secs using 100% CPU
Optimizing NNI: done in 0.00853395 secs using 99.99% CPU
Optimizing NNI: done in 0.00448895 secs using 99.98% CPU
Optimizing NNI: done in 0.00656986 secs using 100% CPU
Optimizing NNI: done in 0.00702214 secs using 100% CPU
Optimizing NNI: done in 0.00669599 secs using 99.99% CPU
Optimizing NNI: done in 0.0108621 secs using 100% CPU
Iteration 40 / LogL: -5243.678 / Time: 0h:0m:0s (0h:0m:0s left)
Optimizing NNI: done in 0.00441885 secs using 100% CPU
Optimizing NNI: done in 0.00318003 secs using 99.97% CPU
Optimizing NNI: done in 0.00197482 secs using 100% CPU
UPDATE BEST LOG-LIKELIHOOD: -5228.581
Optimizing NNI: done in 0.00975204 secs using 99.99% CPU
Optimizing NNI: done in 0.0111229 secs using 99.99% CPU
Optimizing NNI: done in 0.00711799 secs using 99.99% CPU
Optimizing NNI: done in 0.00657392 secs using 99.99% CPU
Optimizing NNI: done in 0.00442696 secs using 100% CPU
Optimizing NNI: done in 0.00854206 secs using 100% CPU
Optimizing NNI: done in 0.00976515 secs using 99.99% CPU
Iteration 50 / LogL: -5228.587 / Time: 0h:0m:0s (0h:0m:0s left)
Optimizing NNI: done in 0.008847 secs using 99.99% CPU
Optimizing NNI: done in 0.00814915 secs using 100% CPU
Optimizing NNI: done in 0.0117531 secs using 99.98% CPU
Optimizing NNI: done in 0.00809598 secs using 99.91% CPU
Optimizing NNI: done in 0.00389385 secs using 99.98% CPU
Optimizing NNI: done in 0.010957 secs using 99.97% CPU
Optimizing NNI: done in 0.006078 secs using 99.98% CPU
Optimizing NNI: done in 0.0068121 secs using 99.98% CPU
Optimizing NNI: done in 0.010644 secs using 99.99% CPU
Optimizing NNI: done in 0.00398779 secs using 99.98% CPU
Iteration 60 / LogL: -5243.401 / Time: 0h:0m:0s (0h:0m:0s left)
Optimizing NNI: done in 0.00619197 secs using 99.98% CPU
Optimizing NNI: done in 0.00850487 secs using 100% CPU
Optimizing NNI: done in 0.0062089 secs using 100% CPU
Optimizing NNI: done in 0.00871301 secs using 99.99% CPU
Optimizing NNI: done in 0.00617194 secs using 99.98% CPU
Optimizing NNI: done in 0.00839591 secs using 99.98% CPU
Optimizing NNI: done in 0.0121419 secs using 99.99% CPU
Optimizing NNI: done in 0.00430417 secs using 100% CPU
Optimizing NNI: done in 0.00437903 secs using 99.98% CPU
Optimizing NNI: done in 0.008425 secs using 99.99% CPU
Iteration 70 / LogL: -5228.599 / Time: 0h:0m:0s (0h:0m:0s left)
Optimizing NNI: done in 0.0131948 secs using 99.99% CPU
Optimizing NNI: done in 0.00820208 secs using 99.99% CPU
Optimizing NNI: done in 0.00677681 secs using 100% CPU
Optimizing NNI: done in 0.00663495 secs using 100% CPU
Optimizing NNI: done in 0.0107589 secs using 99.99% CPU
Optimizing NNI: done in 0.010958 secs using 99.99% CPU
Optimizing NNI: done in 0.00444794 secs using 99.98% CPU
Optimizing NNI: done in 0.00687003 secs using 99.98% CPU
Optimizing NNI: done in 0.00520396 secs using 100% CPU
Optimizing NNI: done in 0.00851107 secs using 99.99% CPU
Iteration 80 / LogL: -5228.591 / Time: 0h:0m:0s (0h:0m:0s left)
Optimizing NNI: done in 0.00680494 secs using 99.99% CPU
Optimizing NNI: done in 0.00689316 secs using 100% CPU
Optimizing NNI: done in 0.00655103 secs using 100% CPU
Optimizing NNI: done in 0.00447893 secs using 100% CPU
Optimizing NNI: done in 0.0103109 secs using 99.99% CPU
Optimizing NNI: done in 0.00857615 secs using 99.99% CPU
Optimizing NNI: done in 0.00575304 secs using 99.98% CPU
Optimizing NNI: done in 0.010973 secs using 99.99% CPU
Optimizing NNI: done in 0.0126848 secs using 99.99% CPU
Optimizing NNI: done in 0.00806212 secs using 99.99% CPU
Iteration 90 / LogL: -5243.499 / Time: 0h:0m:0s (0h:0m:0s left)
Optimizing NNI: done in 0.0069139 secs using 99.99% CPU
Optimizing NNI: done in 0.007056 secs using 100% CPU
Optimizing NNI: done in 0.00642395 secs using 99.99% CPU
Optimizing NNI: done in 0.00956416 secs using 99.98% CPU
Optimizing NNI: done in 0.00829697 secs using 99.98% CPU
Optimizing NNI: done in 0.00453091 secs using 99.98% CPU
Optimizing NNI: done in 0.01015 secs using 99.96% CPU
Optimizing NNI: done in 0.00394702 secs using 100% CPU
Optimizing NNI: done in 0.00409818 secs using 99.97% CPU
Optimizing NNI: done in 0.00844097 secs using 99.99% CPU
Iteration 100 / LogL: -5228.588 / Time: 0h:0m:0s (0h:0m:0s left)
Optimizing NNI: done in 0.00802779 secs using 100% CPU
Optimizing NNI: done in 0.00419092 secs using 100% CPU
TREE SEARCH COMPLETED AFTER 102 ITERATIONS / Time: 0h:0m:0s

--------------------------------------------------------------------
|                    FINALIZING TREE SEARCH                        |
--------------------------------------------------------------------
Performs final model parameters optimization
Estimate model parameters (epsilon = 0.010)
1. Initial log-likelihood: -5228.581
Optimal log-likelihood: -5228.581
Rate parameters:  A-C: 1.68442  A-G: 3.99922  A-T: 0.62419  C-G: 1.36290  C-T: 5.72819  G-T: 1.00000
Base frequencies:  A: 0.273  C: 0.194  G: 0.243  T: 0.291
Gamma shape alpha: 0.201
Parameters optimization took 1 rounds (0.002 sec)
BEST SCORE FOUND : -5228.581
Total tree length: 0.709

Total number of iterations: 102
CPU time used for tree search: 1.045 sec (0h:0m:1s)
Wall-clock time used for tree search: 0.878 sec (0h:0m:0s)
Total CPU time used: 1.093 sec (0h:0m:1s)
Total wall-clock time used: 0.923 sec (0h:0m:0s)

Analysis results written to: 
  IQ-TREE report:                GTR+G5.iqtree
  Maximum-likelihood tree:       GTR+G5.treefile
  Likelihood distances:          GTR+G5.mldist
  Screen log file:               GTR+G5.log

Date and Time: Wed Oct  4 14:49:30 2023
