IQ-TREE multicore version 2.2.2.6 COVID-edition for Linux 64-bit built May 27 2023
Developed by Bui Quang Minh, James Barbetti, Nguyen Lam Tung,
Olga Chernomor, Heiko Schmidt, Dominik Schrempf, Michael Woodhams, Ly Trong Nhan.

Host:    cuhk-mic (AVX512, FMA3, 376 GB RAM)
Command: iqtree -redo -m HKY85 -pre HKY85 -s ../rbcL.nogaps_amb.fas -quiet
Seed:    842469 (Using SPRNG - Scalable Parallel Random Number Generator)
Time:    Wed Oct  4 14:49:25 2023
Kernel:  AVX+FMA - 1 threads (72 CPU cores detected)

HINT: Use -nt option to specify number of threads because your CPU has 72 cores!
HINT: -nt AUTO will automatically determine the best number of threads to use.

Reading alignment file ../rbcL.nogaps_amb.fas ... Fasta format detected
Reading fasta file: done in 0.000210047 secs
Alignment most likely contains DNA/RNA sequences
Constructing alignment: done in 0.00200486 secs
Alignment has 12 sequences with 1312 columns, 285 distinct patterns
212 parsimony-informative, 144 singleton sites, 956 constant sites
              Gap/Ambiguity  Composition  p-value
Analyzing sequences: done in 1.00136e-05 secs
   1  kiwi_fruit      0.00%    passed     99.99%
   2  agave           0.00%    passed     95.82%
   3  garlic          0.00%    passed     93.04%
   4  cabbage         0.00%    passed     95.13%
   5  cucumber        0.00%    passed     98.14%
   6  cotton          0.00%    passed     98.97%
   7  sunflower       0.00%    passed     99.55%
   8  walnut          0.00%    passed     99.55%
   9  tomato          0.00%    passed     99.64%
  10  tobacco         0.00%    passed     99.79%
  11  rice            0.00%    passed     97.08%
  12  black_pepper    0.00%    passed     71.77%
****  TOTAL           0.00%  0 sequences failed composition chi2 test (p-value<5%; df=3)
Checking for duplicate sequences: done in 4.41074e-05 secs

Create initial parsimony tree by phylogenetic likelihood library (PLL)... 0.000 seconds

NOTE: 0 MB RAM (0 GB) is required!
Estimate model parameters (epsilon = 0.100)
1. Initial log-likelihood: -5706.455
2. Current log-likelihood: -5611.354
3. Current log-likelihood: -5593.503
4. Current log-likelihood: -5552.570
Optimal log-likelihood: -5552.500
Rate parameters:  A-C: 1.00000  A-G: 3.74896  A-T: 1.00000  C-G: 1.00000  C-T: 3.74896  G-T: 1.00000
Base frequencies:  A: 0.273  C: 0.194  G: 0.243  T: 0.291
Parameters optimization took 4 rounds (0.003 sec)
Wrote distance file to... 
Computing ML distances based on estimated model parameters...
Calculating distance matrix: done in 0.000255823 secs using 39.87% CPU
Computing ML distances took 0.000289 sec (of wall-clock time) 0.000116 sec (of CPU time)
Setting up auxiliary I and S matrices: done in 8.08239e-05 secs using 148.5% CPU
Constructing RapidNJ tree: done in 0.000108957 secs using 75.26% CPU
Computing RapidNJ tree took 0.000235 sec (of wall-clock time) 0.000240 sec (of CPU time)
Log-likelihood of RapidNJ tree: -5564.287
--------------------------------------------------------------------
|             INITIALIZING CANDIDATE TREE SET                      |
--------------------------------------------------------------------
Generating 98 parsimony trees... 0.047 second
Computing log-likelihood of 96 initial trees ... 0.029 seconds
Current best score: -5551.844

Do NNI search on 20 best initial trees
Optimizing NNI: done in 0.000798941 secs using 177.1% CPU
Estimate model parameters (epsilon = 0.100)
BETTER TREE FOUND at iteration 1: -5551.769
Optimizing NNI: done in 0.00161195 secs using 187% CPU
Optimizing NNI: done in 0.00324988 secs using 200% CPU
Optimizing NNI: done in 0.00124216 secs using 199.7% CPU
Optimizing NNI: done in 0.00294995 secs using 199.7% CPU
Optimizing NNI: done in 0.00298309 secs using 199.9% CPU
Optimizing NNI: done in 0.00318408 secs using 200.2% CPU
Optimizing NNI: done in 0.00169396 secs using 200% CPU
Optimizing NNI: done in 0.00180411 secs using 200.2% CPU
Optimizing NNI: done in 0.00254416 secs using 200.3% CPU
Iteration 10 / LogL: -5551.770 / Time: 0h:0m:0s
Optimizing NNI: done in 0.00324798 secs using 199.8% CPU
Optimizing NNI: done in 0.00179696 secs using 199.9% CPU
Optimizing NNI: done in 0.00236392 secs using 200.3% CPU
Optimizing NNI: done in 0.0030849 secs using 199.7% CPU
Optimizing NNI: done in 0.00242281 secs using 200% CPU
Optimizing NNI: done in 0.00455594 secs using 199.9% CPU
Optimizing NNI: done in 0.00238109 secs using 199.7% CPU
Optimizing NNI: done in 0.00160909 secs using 200.4% CPU
Optimizing NNI: done in 0.00422001 secs using 200.1% CPU
Optimizing NNI: done in 0.00348592 secs using 199.8% CPU
Iteration 20 / LogL: -5551.772 / Time: 0h:0m:0s
Finish initializing candidate tree set (1)
Current best tree score: -5551.769 / CPU time: 0.131
Number of iterations: 20
--------------------------------------------------------------------
|               OPTIMIZING CANDIDATE TREE SET                      |
--------------------------------------------------------------------
Optimizing NNI: done in 0.00388813 secs using 200% CPU
Optimizing NNI: done in 0.00177288 secs using 200% CPU
Optimizing NNI: done in 0.00164914 secs using 200.4% CPU
Optimizing NNI: done in 0.00235105 secs using 200.3% CPU
Optimizing NNI: done in 0.00276113 secs using 200.3% CPU
Optimizing NNI: done in 0.00240493 secs using 200.1% CPU
Optimizing NNI: done in 0.00336289 secs using 200.2% CPU
Optimizing NNI: done in 0.00342703 secs using 200.1% CPU
Optimizing NNI: done in 0.00330615 secs using 199.7% CPU
Optimizing NNI: done in 0.001858 secs using 199.6% CPU
Iteration 30 / LogL: -5551.880 / Time: 0h:0m:0s (0h:0m:0s left)
Optimizing NNI: done in 0.0042119 secs using 200.1% CPU
Optimizing NNI: done in 0.00187612 secs using 199.8% CPU
Optimizing NNI: done in 0.00138116 secs using 200% CPU
UPDATE BEST LOG-LIKELIHOOD: -5551.769
Optimizing NNI: done in 0.00191092 secs using 200.1% CPU
Optimizing NNI: done in 0.00260901 secs using 200.3% CPU
Optimizing NNI: done in 0.0034709 secs using 200.1% CPU
Optimizing NNI: done in 0.00240803 secs using 200% CPU
Optimizing NNI: done in 0.00167298 secs using 199.5% CPU
Optimizing NNI: done in 0.00523806 secs using 200.1% CPU
Optimizing NNI: done in 0.00185299 secs using 199.8% CPU
Iteration 40 / LogL: -5551.805 / Time: 0h:0m:0s (0h:0m:0s left)
Optimizing NNI: done in 0.00263596 secs using 142% CPU
Optimizing NNI: done in 0.001858 secs using 99.95% CPU
Optimizing NNI: done in 0.0027349 secs using 100% CPU
Optimizing NNI: done in 0.00261497 secs using 100% CPU
Optimizing NNI: done in 0.00243902 secs using 99.96% CPU
Optimizing NNI: done in 0.00277901 secs using 100% CPU
Optimizing NNI: done in 0.00307894 secs using 100% CPU
Optimizing NNI: done in 0.0028491 secs using 99.96% CPU
Optimizing NNI: done in 0.00242019 secs using 99.99% CPU
Optimizing NNI: done in 0.0031178 secs using 100% CPU
Iteration 50 / LogL: -5593.433 / Time: 0h:0m:0s (0h:0m:0s left)
Optimizing NNI: done in 0.00516105 secs using 100% CPU
Optimizing NNI: done in 0.00469303 secs using 100% CPU
Optimizing NNI: done in 0.00188112 secs using 99.99% CPU
Optimizing NNI: done in 0.00314903 secs using 100% CPU
Optimizing NNI: done in 0.00528312 secs using 100% CPU
Optimizing NNI: done in 0.0028491 secs using 99.96% CPU
Optimizing NNI: done in 0.00471997 secs using 100% CPU
Optimizing NNI: done in 0.00560284 secs using 99.99% CPU
Optimizing NNI: done in 0.00256515 secs using 100% CPU
Optimizing NNI: done in 0.00229502 secs using 99.96% CPU
Iteration 60 / LogL: -5551.803 / Time: 0h:0m:0s (0h:0m:0s left)
Optimizing NNI: done in 0.0028379 secs using 99.97% CPU
Optimizing NNI: done in 0.00275707 secs using 100% CPU
Optimizing NNI: done in 0.00174093 secs using 99.95% CPU
Optimizing NNI: done in 0.00377297 secs using 100% CPU
Optimizing NNI: done in 0.00246692 secs using 100% CPU
Optimizing NNI: done in 0.00398588 secs using 99.98% CPU
Optimizing NNI: done in 0.00180316 secs using 99.99% CPU
Optimizing NNI: done in 0.00554204 secs using 99.98% CPU
Optimizing NNI: done in 0.00341082 secs using 100% CPU
Optimizing NNI: done in 0.00180292 secs using 99.95% CPU
Iteration 70 / LogL: -5571.647 / Time: 0h:0m:0s (0h:0m:0s left)
Optimizing NNI: done in 0.00424194 secs using 100% CPU
Optimizing NNI: done in 0.00500703 secs using 99.98% CPU
Optimizing NNI: done in 0.00271082 secs using 100% CPU
Optimizing NNI: done in 0.00583792 secs using 99.98% CPU
Optimizing NNI: done in 0.00568581 secs using 100% CPU
Optimizing NNI: done in 0.00318003 secs using 100% CPU
Optimizing NNI: done in 0.00181699 secs using 100% CPU
Optimizing NNI: done in 0.00308013 secs using 99.96% CPU
Optimizing NNI: done in 0.00435114 secs using 100% CPU
Optimizing NNI: done in 0.000813961 secs using 99.88% CPU
Iteration 80 / LogL: -5571.472 / Time: 0h:0m:0s (0h:0m:0s left)
Optimizing NNI: done in 0.00179696 secs using 100% CPU
Optimizing NNI: done in 0.0040741 secs using 99.97% CPU
Optimizing NNI: done in 0.00328088 secs using 100% CPU
Optimizing NNI: done in 0.00352812 secs using 100% CPU
Optimizing NNI: done in 0.00275683 secs using 99.97% CPU
Optimizing NNI: done in 0.00360107 secs using 100% CPU
Optimizing NNI: done in 0.00471091 secs using 99.98% CPU
Optimizing NNI: done in 0.00259304 secs using 100% CPU
Optimizing NNI: done in 0.00599313 secs using 99.98% CPU
Optimizing NNI: done in 0.00437212 secs using 100% CPU
Iteration 90 / LogL: -5551.772 / Time: 0h:0m:0s (0h:0m:0s left)
Optimizing NNI: done in 0.00261807 secs using 100% CPU
Optimizing NNI: done in 0.0034039 secs using 99.97% CPU
Optimizing NNI: done in 0.00323606 secs using 99.97% CPU
Optimizing NNI: done in 0.00332022 secs using 99.99% CPU
Optimizing NNI: done in 0.00282288 secs using 100% CPU
Optimizing NNI: done in 0.00226212 secs using 99.95% CPU
Optimizing NNI: done in 0.000808954 secs using 99.88% CPU
Optimizing NNI: done in 0.00273204 secs using 99.96% CPU
Optimizing NNI: done in 0.00384593 secs using 100% CPU
Optimizing NNI: done in 0.00180912 secs using 99.99% CPU
Iteration 100 / LogL: -5581.889 / Time: 0h:0m:0s (0h:0m:0s left)
Optimizing NNI: done in 0.00247192 secs using 99.96% CPU
Optimizing NNI: done in 0.00297904 secs using 100% CPU
TREE SEARCH COMPLETED AFTER 102 ITERATIONS / Time: 0h:0m:0s

--------------------------------------------------------------------
|                    FINALIZING TREE SEARCH                        |
--------------------------------------------------------------------
Performs final model parameters optimization
Estimate model parameters (epsilon = 0.010)
1. Initial log-likelihood: -5551.769
Optimal log-likelihood: -5551.769
Rate parameters:  A-C: 1.00000  A-G: 3.73028  A-T: 1.00000  C-G: 1.00000  C-T: 3.73028  G-T: 1.00000
Base frequencies:  A: 0.273  C: 0.194  G: 0.243  T: 0.291
Parameters optimization took 1 rounds (0.000 sec)
BEST SCORE FOUND : -5551.769
Total tree length: 0.576

Total number of iterations: 102
CPU time used for tree search: 0.587 sec (0h:0m:0s)
Wall-clock time used for tree search: 0.403 sec (0h:0m:0s)
Total CPU time used: 0.598 sec (0h:0m:0s)
Total wall-clock time used: 0.415 sec (0h:0m:0s)

Analysis results written to: 
  IQ-TREE report:                HKY85.iqtree
  Maximum-likelihood tree:       HKY85.treefile
  Likelihood distances:          HKY85.mldist
  Screen log file:               HKY85.log

Date and Time: Wed Oct  4 14:49:26 2023
