
RAxML-NG v. 1.2.0 released on 09.05.2023 by The Exelixis Lab.
Developed by: Alexey M. Kozlov and Alexandros Stamatakis.
Contributors: Diego Darriba, Tomas Flouri, Benoit Morel, Sarah Lutteropp, Ben Bettisworth, Julia Haag, Anastasis Togkousidis.
Latest version: https://github.com/amkozlov/raxml-ng
Questions/problems/suggestions? Please visit: https://groups.google.com/forum/#!forum/raxml

System: Intel(R) Xeon(R) Gold 6154 CPU @ 3.00GHz, 36 cores, 376 GB RAM

RAxML-NG was called at 04-Oct-2023 14:49:34 as follows:

raxml-ng --redo --msa ../rbcL.nogaps_amb.fas --model GTR+G5 --prefix GTR+G5

Analysis options:
  run mode: ML tree search
  start tree(s): random (10) + parsimony (10)
  random seed: 1696402174
  tip-inner: OFF
  pattern compression: ON
  per-rate scalers: OFF
  site repeats: ON
  logLH epsilon: general: 10.000000, brlen-triplet: 1000.000000
  fast spr radius: AUTO
  spr subtree cutoff: 1.000000
  fast CLV updates: ON
  branch lengths: proportional (ML estimate, algorithm: NR-FAST)
  SIMD kernels: AVX2
  parallelization: coarse-grained (auto), PTHREADS (auto)

WARNING: Running in REDO mode: existing checkpoints are ignored, and all result files will be overwritten!

[00:00:00] Reading alignment from file: ../rbcL.nogaps_amb.fas
[00:00:00] Loaded alignment with 12 taxa and 1312 sites

Alignment comprises 1 partitions and 285 patterns

Partition 0: noname
Model: GTR+FO+G5m
Alignment sites / patterns: 1312 / 285
Gaps: 0.00 %
Invariant sites: 72.87 %


NOTE: Binary MSA file created: GTR+G5.raxml.rba

Parallelization scheme autoconfig: 20 worker(s) x 1 thread(s)

[00:00:00] Generating 10 random starting tree(s) with 12 taxa
[00:00:00] Generating 10 parsimony starting tree(s) with 12 taxa
Parallel parsimony with 20 threads
Parallel reduction/worker buffer size: 1 KB  / 0 KB

[00:00:00] Data distribution: max. partitions/sites/weight per thread: 1 / 285 / 5700
[00:00:00] Data distribution: max. searches per worker: 1

Starting ML tree search with 20 distinct starting trees

[00:00:00 -6342.190786] Initial branch length optimization
[00:00:00 -5779.984239] Model parameter optimization (eps = 10.000000)
[00:00:00 -5379.476079] AUTODETECT spr round 1 (radius: 5)
[00:00:00 -5243.951222] AUTODETECT spr round 2 (radius: 10)
[00:00:00 -5243.853032] SPR radius for FAST iterations: 5 (autodetect)
[00:00:00 -5243.853032] Model parameter optimization (eps = 3.000000)
[00:00:00 -5241.843914] FAST spr round 1 (radius: 5)
[00:00:00 -5237.215427] Model parameter optimization (eps = 1.000000)
[00:00:00 -5237.078619] SLOW spr round 1 (radius: 5)
[00:00:00] [worker #11] ML tree search #12, logLikelihood: -5228.470939
[00:00:00] [worker #19] ML tree search #20, logLikelihood: -5228.471036
[00:00:00 -5228.986518] SLOW spr round 2 (radius: 10)
[00:00:00] [worker #10] ML tree search #11, logLikelihood: -5228.470968
[00:00:00 -5228.984036] Model parameter optimization (eps = 0.100000)
[00:00:00] [worker #14] ML tree search #15, logLikelihood: -5228.471001

[00:00:00] [worker #0] ML tree search #1, logLikelihood: -5228.471319

[00:00:00] [worker #5] ML tree search #6, logLikelihood: -5228.471001
[00:00:00] [worker #7] ML tree search #8, logLikelihood: -5228.473547
[00:00:00] [worker #16] ML tree search #17, logLikelihood: -5228.470940
[00:00:00] [worker #18] ML tree search #19, logLikelihood: -5228.471046
[00:00:00] [worker #17] ML tree search #18, logLikelihood: -5228.470940
[00:00:00] [worker #13] ML tree search #14, logLikelihood: -5228.471054
[00:00:00] [worker #15] ML tree search #16, logLikelihood: -5228.470986
[00:00:00] [worker #12] ML tree search #13, logLikelihood: -5228.471047
[00:00:00] [worker #1] ML tree search #2, logLikelihood: -5228.471208
[00:00:00] [worker #9] ML tree search #10, logLikelihood: -5231.208090
[00:00:00] [worker #8] ML tree search #9, logLikelihood: -5228.471794
[00:00:00] [worker #4] ML tree search #5, logLikelihood: -5228.471176
[00:00:00] [worker #2] ML tree search #3, logLikelihood: -5228.471774
[00:00:00] [worker #6] ML tree search #7, logLikelihood: -5228.472150
[00:00:00] [worker #3] ML tree search #4, logLikelihood: -5235.470667

Optimized model parameters:

   Partition 0: noname
   Rate heterogeneity: GAMMA (5 cats, mean),  alpha: 0.200719 (ML),  weights&rates: (0.200000,0.000179) (0.200000,0.011176) (0.200000,0.119750) (0.200000,0.667898) (0.200000,4.200997) 
   Base frequencies (ML): 0.274137 0.192842 0.238478 0.294542 
   Substitution rates (ML): 1.685043 4.044229 0.614644 1.393743 5.706922 1.000000 


Final LogLikelihood: -5228.470939

AIC score: 10516.941877 / AICc score: 10518.393868 / BIC score: 10672.321116
Free parameters (model + branch lengths): 30

Best ML tree saved to: /home/sishuo/project/Yang/2014/Chapter4/4.6/raxml-ng/GTR+G5.raxml.bestTree
All ML trees saved to: /home/sishuo/project/Yang/2014/Chapter4/4.6/raxml-ng/GTR+G5.raxml.mlTrees
Optimized model saved to: /home/sishuo/project/Yang/2014/Chapter4/4.6/raxml-ng/GTR+G5.raxml.bestModel

Execution log saved to: /home/sishuo/project/Yang/2014/Chapter4/4.6/raxml-ng/GTR+G5.raxml.log

Analysis started: 04-Oct-2023 14:49:34 / finished: 04-Oct-2023 14:49:34

Elapsed time: 0.480 seconds

