
RAxML-NG v. 1.2.0 released on 09.05.2023 by The Exelixis Lab.
Developed by: Alexey M. Kozlov and Alexandros Stamatakis.
Contributors: Diego Darriba, Tomas Flouri, Benoit Morel, Sarah Lutteropp, Ben Bettisworth, Julia Haag, Anastasis Togkousidis.
Latest version: https://github.com/amkozlov/raxml-ng
Questions/problems/suggestions? Please visit: https://groups.google.com/forum/#!forum/raxml

System: Intel(R) Xeon(R) Gold 6154 CPU @ 3.00GHz, 36 cores, 376 GB RAM

RAxML-NG was called at 04-Oct-2023 14:49:33 as follows:

raxml-ng --redo --msa ../rbcL.nogaps_amb.fas --model HKY+G5 --prefix HKY+G5

Analysis options:
  run mode: ML tree search
  start tree(s): random (10) + parsimony (10)
  random seed: 1696402173
  tip-inner: OFF
  pattern compression: ON
  per-rate scalers: OFF
  site repeats: ON
  logLH epsilon: general: 10.000000, brlen-triplet: 1000.000000
  fast spr radius: AUTO
  spr subtree cutoff: 1.000000
  fast CLV updates: ON
  branch lengths: proportional (ML estimate, algorithm: NR-FAST)
  SIMD kernels: AVX2
  parallelization: coarse-grained (auto), PTHREADS (auto)

WARNING: Running in REDO mode: existing checkpoints are ignored, and all result files will be overwritten!

[00:00:00] Reading alignment from file: ../rbcL.nogaps_amb.fas
[00:00:00] Loaded alignment with 12 taxa and 1312 sites

Alignment comprises 1 partitions and 285 patterns

Partition 0: noname
Model: HKY+FO+G5m
Alignment sites / patterns: 1312 / 285
Gaps: 0.00 %
Invariant sites: 72.87 %


NOTE: Binary MSA file created: HKY+G5.raxml.rba

Parallelization scheme autoconfig: 20 worker(s) x 1 thread(s)

[00:00:00] Generating 10 random starting tree(s) with 12 taxa
[00:00:00] Generating 10 parsimony starting tree(s) with 12 taxa
Parallel parsimony with 20 threads
Parallel reduction/worker buffer size: 1 KB  / 0 KB

[00:00:00] Data distribution: max. partitions/sites/weight per thread: 1 / 285 / 5700
[00:00:00] Data distribution: max. searches per worker: 1

Starting ML tree search with 20 distinct starting trees

[00:00:00 -6525.942889] Initial branch length optimization
[00:00:00 -5988.004749] Model parameter optimization (eps = 10.000000)
[00:00:00 -5550.919080] AUTODETECT spr round 1 (radius: 5)
[00:00:00 -5247.918475] AUTODETECT spr round 2 (radius: 10)
[00:00:00 -5247.324310] SPR radius for FAST iterations: 10 (autodetect)
[00:00:00 -5247.324310] Model parameter optimization (eps = 3.000000)
[00:00:00 -5243.634164] FAST spr round 1 (radius: 10)
[00:00:00 -5240.462159] Model parameter optimization (eps = 1.000000)
[00:00:00 -5240.447917] SLOW spr round 1 (radius: 5)
[00:00:00 -5240.447690] SLOW spr round 2 (radius: 10)
[00:00:00 -5240.447688] Model parameter optimization (eps = 0.100000)

[00:00:00] [worker #0] ML tree search #1, logLikelihood: -5240.447592

[00:00:00] [worker #6] ML tree search #7, logLikelihood: -5240.447598
[00:00:00] [worker #13] ML tree search #14, logLikelihood: -5240.447595
[00:00:00] [worker #8] ML tree search #9, logLikelihood: -5240.447645
[00:00:00] [worker #10] ML tree search #11, logLikelihood: -5240.447595
[00:00:00] [worker #15] ML tree search #16, logLikelihood: -5240.447781
[00:00:00] [worker #16] ML tree search #17, logLikelihood: -5240.447595
[00:00:00] [worker #7] ML tree search #8, logLikelihood: -5240.447602
[00:00:00] [worker #19] ML tree search #20, logLikelihood: -5240.447593
[00:00:00] [worker #4] ML tree search #5, logLikelihood: -5240.447596
[00:00:00] [worker #18] ML tree search #19, logLikelihood: -5240.447591
[00:00:00] [worker #14] ML tree search #15, logLikelihood: -5240.447594
[00:00:00] [worker #11] ML tree search #12, logLikelihood: -5240.447595
[00:00:00] [worker #17] ML tree search #18, logLikelihood: -5240.447595
[00:00:00] [worker #9] ML tree search #10, logLikelihood: -5245.697255
[00:00:00] [worker #5] ML tree search #6, logLikelihood: -5240.448072
[00:00:00] [worker #1] ML tree search #2, logLikelihood: -5240.447643
[00:00:00] [worker #3] ML tree search #4, logLikelihood: -5240.447588
[00:00:00] [worker #12] ML tree search #13, logLikelihood: -5240.447593
[00:00:00] [worker #2] ML tree search #3, logLikelihood: -5240.447764

Optimized model parameters:

   Partition 0: noname
   Rate heterogeneity: GAMMA (5 cats, mean),  alpha: 0.196532 (ML),  weights&rates: (0.200000,0.000151) (0.200000,0.010155) (0.200000,0.113792) (0.200000,0.654304) (0.200000,4.221598) 
   Base frequencies (ML): 0.266199 0.210670 0.233446 0.289686 
   Substitution rates (ML): 1.000000 4.372021 1.000000 1.000000 4.372021 1.000000 


Final LogLikelihood: -5240.447588

AIC score: 10532.895177 / AICc score: 10533.987784 / BIC score: 10667.557184
Free parameters (model + branch lengths): 26

Best ML tree saved to: /home/sishuo/project/Yang/2014/Chapter4/4.6/raxml-ng/HKY+G5.raxml.bestTree
All ML trees saved to: /home/sishuo/project/Yang/2014/Chapter4/4.6/raxml-ng/HKY+G5.raxml.mlTrees
Optimized model saved to: /home/sishuo/project/Yang/2014/Chapter4/4.6/raxml-ng/HKY+G5.raxml.bestModel

Execution log saved to: /home/sishuo/project/Yang/2014/Chapter4/4.6/raxml-ng/HKY+G5.raxml.log

Analysis started: 04-Oct-2023 14:49:33 / finished: 04-Oct-2023 14:49:34

Elapsed time: 0.541 seconds

